"docker run" requires at least 1 argument(s).
See 'docker run --help'.

Usage:  docker run [OPTIONS] IMAGE [COMMAND] [ARG...]

Run a command in a new container
the input device is not a TTY
the input device is not a TTY
the input device is not a TTY
Jan 08, 2017 5:00:50 PM java.util.prefs.FileSystemPreferences$1 run
INFO: Created user preferences directory.
Jan 08, 2017 5:00:50 PM java.util.prefs.FileSystemPreferences$6 run
WARNING: Prefs file removed in background /root/.java/.userPrefs/prefs.xml
Jan 08, 2017 5:03:38 PM java.util.prefs.FileSystemPreferences$1 run
INFO: Created user preferences directory.
Jan 08, 2017 5:03:38 PM java.util.prefs.FileSystemPreferences$6 run
WARNING: Prefs file removed in background /root/.java/.userPrefs/prefs.xml
the input device is not a TTY
Jan 08, 2017 5:34:47 PM java.util.prefs.FileSystemPreferences$1 run
INFO: Created user preferences directory.
Jan 08, 2017 5:34:47 PM java.util.prefs.FileSystemPreferences$6 run
WARNING: Prefs file removed in background /root/.java/.userPrefs/prefs.xml
Jan 08, 2017 5:35:26 PM java.util.prefs.FileSystemPreferences$1 run
INFO: Created user preferences directory.
Jan 08, 2017 5:35:26 PM java.util.prefs.FileSystemPreferences$6 run
WARNING: Prefs file removed in background /root/.java/.userPrefs/prefs.xml
May 05, 2017 11:31:35 AM java.util.prefs.FileSystemPreferences$1 run
INFO: Created user preferences directory.
May 05, 2017 11:31:35 AM java.util.prefs.FileSystemPreferences$6 run
WARNING: Prefs file removed in background /root/.java/.userPrefs/prefs.xml
May 05, 2017 11:36:10 AM java.util.prefs.FileSystemPreferences$1 run
INFO: Created user preferences directory.
May 05, 2017 11:36:10 AM java.util.prefs.FileSystemPreferences$6 run
WARNING: Prefs file removed in background /root/.java/.userPrefs/prefs.xml
May 13, 2017 2:04:54 PM java.util.prefs.FileSystemPreferences$1 run
INFO: Created user preferences directory.
May 13, 2017 2:04:54 PM java.util.prefs.FileSystemPreferences$6 run
WARNING: Prefs file removed in background /root/.java/.userPrefs/prefs.xml
Jun 21, 2017 6:31:16 PM java.util.prefs.FileSystemPreferences$1 run
INFO: Created user preferences directory.
Jun 21, 2017 6:31:16 PM java.util.prefs.FileSystemPreferences$6 run
WARNING: Prefs file removed in background /root/.java/.userPrefs/prefs.xml
